  RobotArm+view.cpp
D:\이인규\2021\2학기\컴퓨터 그래픽스\과제 or 실습\Week7\RobotArm+view.cpp(31,27): warning C4305: '인수': 'double'에서 'GLfloat'(으)로 잘립니다.
D:\이인규\2021\2학기\컴퓨터 그래픽스\과제 or 실습\Week7\RobotArm+view.cpp(40,27): warning C4305: '인수': 'double'에서 'GLfloat'(으)로 잘립니다.
D:\이인규\2021\2학기\컴퓨터 그래픽스\과제 or 실습\Week7\RobotArm+view.cpp(49,27): warning C4305: '인수': 'double'에서 'GLfloat'(으)로 잘립니다.
D:\이인규\2021\2학기\컴퓨터 그래픽스\과제 or 실습\Week7\RobotArm+view.cpp(52,27): warning C4305: '인수': 'double'에서 'GLfloat'(으)로 잘립니다.
D:\이인규\2021\2학기\컴퓨터 그래픽스\과제 or 실습\Week7\RobotArm+view.cpp(57,27): warning C4305: '인수': 'double'에서 'GLfloat'(으)로 잘립니다.
D:\이인규\2021\2학기\컴퓨터 그래픽스\과제 or 실습\Week7\RobotArm+view.cpp(58,28): warning C4305: '인수': 'double'에서 'GLfloat'(으)로 잘립니다.
D:\이인규\2021\2학기\컴퓨터 그래픽스\과제 or 실습\Week7\RobotArm+view.cpp(59,27): warning C4305: '인수': 'double'에서 'GLfloat'(으)로 잘립니다.
D:\이인규\2021\2학기\컴퓨터 그래픽스\과제 or 실습\Week7\RobotArm+view.cpp(62,27): warning C4305: '인수': 'double'에서 'GLfloat'(으)로 잘립니다.
D:\이인규\2021\2학기\컴퓨터 그래픽스\과제 or 실습\Week7\RobotArm+view.cpp(67,31): warning C4305: '인수': 'double'에서 'GLfloat'(으)로 잘립니다.
D:\이인규\2021\2학기\컴퓨터 그래픽스\과제 or 실습\Week7\RobotArm+view.cpp(69,31): warning C4305: '인수': 'double'에서 'GLfloat'(으)로 잘립니다.
D:\이인규\2021\2학기\컴퓨터 그래픽스\과제 or 실습\Week7\RobotArm+view.cpp(72,27): warning C4305: '인수': 'double'에서 'GLfloat'(으)로 잘립니다.
D:\이인규\2021\2학기\컴퓨터 그래픽스\과제 or 실습\Week7\RobotArm+view.cpp(83,27): warning C4305: '인수': 'double'에서 'GLfloat'(으)로 잘립니다.
D:\이인규\2021\2학기\컴퓨터 그래픽스\과제 or 실습\Week7\RobotArm+view.cpp(86,27): warning C4305: '인수': 'double'에서 'GLfloat'(으)로 잘립니다.
D:\이인규\2021\2학기\컴퓨터 그래픽스\과제 or 실습\Week7\RobotArm+view.cpp(91,27): warning C4305: '인수': 'double'에서 'GLfloat'(으)로 잘립니다.
D:\이인규\2021\2학기\컴퓨터 그래픽스\과제 or 실습\Week7\RobotArm+view.cpp(92,28): warning C4305: '인수': 'double'에서 'GLfloat'(으)로 잘립니다.
D:\이인규\2021\2학기\컴퓨터 그래픽스\과제 or 실습\Week7\RobotArm+view.cpp(93,27): warning C4305: '인수': 'double'에서 'GLfloat'(으)로 잘립니다.
D:\이인규\2021\2학기\컴퓨터 그래픽스\과제 or 실습\Week7\RobotArm+view.cpp(96,27): warning C4305: '인수': 'double'에서 'GLfloat'(으)로 잘립니다.
D:\이인규\2021\2학기\컴퓨터 그래픽스\과제 or 실습\Week7\RobotArm+view.cpp(101,31): warning C4305: '인수': 'double'에서 'GLfloat'(으)로 잘립니다.
D:\이인규\2021\2학기\컴퓨터 그래픽스\과제 or 실습\Week7\RobotArm+view.cpp(103,31): warning C4305: '인수': 'double'에서 'GLfloat'(으)로 잘립니다.
D:\이인규\2021\2학기\컴퓨터 그래픽스\과제 or 실습\Week7\RobotArm+view.cpp(106,27): warning C4305: '인수': 'double'에서 'GLfloat'(으)로 잘립니다.
D:\이인규\2021\2학기\컴퓨터 그래픽스\과제 or 실습\Week7\RobotArm+view.cpp(118,27): warning C4305: '인수': 'double'에서 'GLfloat'(으)로 잘립니다.
D:\이인규\2021\2학기\컴퓨터 그래픽스\과제 or 실습\Week7\RobotArm+view.cpp(121,27): warning C4305: '인수': 'double'에서 'GLfloat'(으)로 잘립니다.
D:\이인규\2021\2학기\컴퓨터 그래픽스\과제 or 실습\Week7\RobotArm+view.cpp(126,27): warning C4305: '인수': 'double'에서 'GLfloat'(으)로 잘립니다.
D:\이인규\2021\2학기\컴퓨터 그래픽스\과제 or 실습\Week7\RobotArm+view.cpp(127,28): warning C4305: '인수': 'double'에서 'GLfloat'(으)로 잘립니다.
D:\이인규\2021\2학기\컴퓨터 그래픽스\과제 or 실습\Week7\RobotArm+view.cpp(128,27): warning C4305: '인수': 'double'에서 'GLfloat'(으)로 잘립니다.
D:\이인규\2021\2학기\컴퓨터 그래픽스\과제 or 실습\Week7\RobotArm+view.cpp(131,27): warning C4305: '인수': 'double'에서 'GLfloat'(으)로 잘립니다.
D:\이인규\2021\2학기\컴퓨터 그래픽스\과제 or 실습\Week7\RobotArm+view.cpp(136,31): warning C4305: '인수': 'double'에서 'GLfloat'(으)로 잘립니다.
D:\이인규\2021\2학기\컴퓨터 그래픽스\과제 or 실습\Week7\RobotArm+view.cpp(138,31): warning C4305: '인수': 'double'에서 'GLfloat'(으)로 잘립니다.
D:\이인규\2021\2학기\컴퓨터 그래픽스\과제 or 실습\Week7\RobotArm+view.cpp(141,27): warning C4305: '인수': 'double'에서 'GLfloat'(으)로 잘립니다.
D:\이인규\2021\2학기\컴퓨터 그래픽스\과제 or 실습\Week7\RobotArm+view.cpp(182,15): warning C4244: '=': 'double'에서 'int'(으)로 변환하면서 데이터가 손실될 수 있습니다.
D:\이인규\2021\2학기\컴퓨터 그래픽스\과제 or 실습\Week7\RobotArm+view.cpp(183,15): warning C4244: '=': 'double'에서 'float'(으)로 변환하면서 데이터가 손실될 수 있습니다.
D:\이인규\2021\2학기\컴퓨터 그래픽스\과제 or 실습\Week7\RobotArm+view.cpp(188,15): warning C4244: '=': 'double'에서 'int'(으)로 변환하면서 데이터가 손실될 수 있습니다.
D:\이인규\2021\2학기\컴퓨터 그래픽스\과제 or 실습\Week7\RobotArm+view.cpp(193,15): warning C4244: '=': 'double'에서 'int'(으)로 변환하면서 데이터가 손실될 수 있습니다.
  Week7.vcxproj -> D:\이인규\2021\2학기\컴퓨터 그래픽스\과제 or 실습\Week7\Debug\Week7.exe
